<?xml version="1.0" encoding="UTF-8"?>
<TestRun id="cc7b0bc3-e3a1-4dc3-9ae0-cec472a24603" name="Adam@SHUTTLE 2010-12-19 18:59:22" runUser="Shuttle\Adam" xmlns="http://microsoft.com/schemas/VisualStudio/TeamTest/2010">
  <TestSettings name="Local" id="187aa8b9-72a2-45f1-8300-4b62a3d082ce">
    <Description>These are default test settings for a local test run.</Description>
    <Deployment enabled="false" runDeploymentRoot="Adam_SHUTTLE 2010-12-19 18_59_22">
      <DeploymentItem filename="C:\Users\Adam\Documents\Books\Pro MVC 3\repository\Source Code\Moq 4.0 Library\Moq.dll" />
      <DeploymentItem filename="C:\Users\Adam\Documents\Books\Pro MVC 3\repository\Source Code\Ninject 2.0 Library\Ninject.dll" />
      <DeploymentItem filename="C:\Users\Adam\Documents\Books\Pro MVC 3\repository\Source Code\06 - Essential Tools\8. Using Moq\ProductApp\bin\Debug\ProductApp.exe" />
    </Deployment>
    <Execution>
      <TestTypeSpecific />
      <AgentRule name="Execution Agents">
      </AgentRule>
    </Execution>
  </TestSettings>
  <Times creation="2010-12-19T18:59:22.2563391+00:00" queuing="2010-12-19T18:59:22.3453442+00:00" start="2010-12-19T18:59:23.0803862+00:00" finish="2010-12-19T18:59:26.9896098+00:00" />
  <ResultSummary outcome="Completed">
    <Counters total="4" executed="4" passed="4" error="0" failed="0" timeout="0" aborted="0" inconclusive="0" passedButRunAborted="0" notRunnable="0" notExecuted="0" disconnected="0" warning="0" completed="0" inProgress="0" pending="0" />
  </ResultSummary>
  <TestDefinitions>
    <UnitTest name="All_Prices_Are_Reduced" storage="c:\users\adam\documents\books\pro mvc 3\repository\source code\06 - essential tools\8. using moq\productapp.tests\bin\debug\productapp.tests.dll" id="7f84dc69-e051-e299-4937-eec64916109b">
      <Execution id="cedbd674-743f-4a54-b508-470455e243e5" />
      <TestMethod codeBase="C:/Users/Adam/Documents/Books/Pro MVC 3/repository/Source Code/06 - Essential Tools/8. Using Moq/ProductApp.Tests/bin/Debug/ProductApp.Tests.DLL" adapterTypeName="Microsoft.VisualStudio.TestTools.TestTypes.Unit.UnitTestAdapter, Microsoft.VisualStudio.QualityTools.Tips.UnitTest.Adapter, Version=10.0.0.0, Culture=neutral, PublicKeyToken=b03f5f7f11d50a3a" className="ProductApp.Tests.MyPriceReducerTest, ProductApp.Tests, Version=1.0.0.0, Culture=neutral, PublicKeyToken=null" name="All_Prices_Are_Reduced" />
    </UnitTest>
    <UnitTest name="Correct_Total_Reduction_Amount" storage="c:\users\adam\documents\books\pro mvc 3\repository\source code\06 - essential tools\8. using moq\productapp.tests\bin\debug\productapp.tests.dll" id="06707c4c-c99e-0695-ce3a-bf0e53efaf2c">
      <Execution id="2c7ee662-dfaf-4124-af6c-b7db92cdecea" />
      <TestMethod codeBase="C:/Users/Adam/Documents/Books/Pro MVC 3/repository/Source Code/06 - Essential Tools/8. Using Moq/ProductApp.Tests/bin/Debug/ProductApp.Tests.DLL" adapterTypeName="Microsoft.VisualStudio.TestTools.TestTypes.Unit.UnitTestAdapter, Microsoft.VisualStudio.QualityTools.Tips.UnitTest.Adapter, Version=10.0.0.0, Culture=neutral, PublicKeyToken=b03f5f7f11d50a3a" className="ProductApp.Tests.MyPriceReducerTest, ProductApp.Tests, Version=1.0.0.0, Culture=neutral, PublicKeyToken=null" name="Correct_Total_Reduction_Amount" />
    </UnitTest>
    <UnitTest name="No_Price_Less_Than_One_Dollar" storage="c:\users\adam\documents\books\pro mvc 3\repository\source code\06 - essential tools\8. using moq\productapp.tests\bin\debug\productapp.tests.dll" id="20843828-4c0f-5169-1810-052ee3d85276">
      <Execution id="777ad582-c50a-44bd-96d8-9d03646e223a" />
      <TestMethod codeBase="C:/Users/Adam/Documents/Books/Pro MVC 3/repository/Source Code/06 - Essential Tools/8. Using Moq/ProductApp.Tests/bin/Debug/ProductApp.Tests.DLL" adapterTypeName="Microsoft.VisualStudio.TestTools.TestTypes.Unit.UnitTestAdapter, Microsoft.VisualStudio.QualityTools.Tips.UnitTest.Adapter, Version=10.0.0.0, Culture=neutral, PublicKeyToken=b03f5f7f11d50a3a" className="ProductApp.Tests.MyPriceReducerTest, ProductApp.Tests, Version=1.0.0.0, Culture=neutral, PublicKeyToken=null" name="No_Price_Less_Than_One_Dollar" />
    </UnitTest>
    <UnitTest name="Update_Method_Called_For_Each_Product" storage="c:\users\adam\documents\books\pro mvc 3\repository\source code\06 - essential tools\8. using moq\productapp.tests\bin\debug\productapp.tests.dll" id="092a6096-84e7-686c-7825-c8df4f6c7e5b">
      <Execution id="bdf57805-9ec5-4272-9862-276189834e2c" />
      <TestMethod codeBase="C:/Users/Adam/Documents/Books/Pro MVC 3/repository/Source Code/06 - Essential Tools/8. Using Moq/ProductApp.Tests/bin/Debug/ProductApp.Tests.DLL" adapterTypeName="Microsoft.VisualStudio.TestTools.TestTypes.Unit.UnitTestAdapter, Microsoft.VisualStudio.QualityTools.Tips.UnitTest.Adapter, Version=10.0.0.0, Culture=neutral, PublicKeyToken=b03f5f7f11d50a3a" className="ProductApp.Tests.MyPriceReducerTest, ProductApp.Tests, Version=1.0.0.0, Culture=neutral, PublicKeyToken=null" name="Update_Method_Called_For_Each_Product" />
    </UnitTest>
  </TestDefinitions>
  <TestLists>
    <TestList name="Results Not in a List" id="8c84fa94-04c1-424b-9868-57a2d4851a1d" />
    <TestList name="All Loaded Results" id="19431567-8539-422a-85d7-44ee4e166bda" />
  </TestLists>
  <TestEntries>
    <TestEntry testId="06707c4c-c99e-0695-ce3a-bf0e53efaf2c" executionId="2c7ee662-dfaf-4124-af6c-b7db92cdecea" testListId="8c84fa94-04c1-424b-9868-57a2d4851a1d" />
    <TestEntry testId="092a6096-84e7-686c-7825-c8df4f6c7e5b" executionId="bdf57805-9ec5-4272-9862-276189834e2c" testListId="8c84fa94-04c1-424b-9868-57a2d4851a1d" />
    <TestEntry testId="20843828-4c0f-5169-1810-052ee3d85276" executionId="777ad582-c50a-44bd-96d8-9d03646e223a" testListId="8c84fa94-04c1-424b-9868-57a2d4851a1d" />
    <TestEntry testId="7f84dc69-e051-e299-4937-eec64916109b" executionId="cedbd674-743f-4a54-b508-470455e243e5" testListId="8c84fa94-04c1-424b-9868-57a2d4851a1d" />
  </TestEntries>
  <Results>
    <UnitTestResult executionId="2c7ee662-dfaf-4124-af6c-b7db92cdecea" testId="06707c4c-c99e-0695-ce3a-bf0e53efaf2c" testName="Correct_Total_Reduction_Amount" computerName="SHUTTLE" duration="00:00:00.7206135" startTime="2010-12-19T18:59:23.4974101+00:00" endTime="2010-12-19T18:59:26.6985932+00:00" testType="13cdc9d9-ddb5-4fa4-a97d-d965ccfc6d4b" outcome="Passed" testListId="8c84fa94-04c1-424b-9868-57a2d4851a1d" relativeResultsDirectory="2c7ee662-dfaf-4124-af6c-b7db92cdecea">
    </UnitTestResult>
    <UnitTestResult executionId="bdf57805-9ec5-4272-9862-276189834e2c" testId="092a6096-84e7-686c-7825-c8df4f6c7e5b" testName="Update_Method_Called_For_Each_Product" computerName="SHUTTLE" duration="00:00:00.1250522" startTime="2010-12-19T18:59:26.7045935+00:00" endTime="2010-12-19T18:59:26.8516019+00:00" testType="13cdc9d9-ddb5-4fa4-a97d-d965ccfc6d4b" outcome="Passed" testListId="8c84fa94-04c1-424b-9868-57a2d4851a1d" relativeResultsDirectory="bdf57805-9ec5-4272-9862-276189834e2c">
    </UnitTestResult>
    <UnitTestResult executionId="777ad582-c50a-44bd-96d8-9d03646e223a" testId="20843828-4c0f-5169-1810-052ee3d85276" testName="No_Price_Less_Than_One_Dollar" computerName="SHUTTLE" duration="00:00:00.0021337" startTime="2010-12-19T18:59:26.8666028+00:00" endTime="2010-12-19T18:59:26.8736032+00:00" testType="13cdc9d9-ddb5-4fa4-a97d-d965ccfc6d4b" outcome="Passed" testListId="8c84fa94-04c1-424b-9868-57a2d4851a1d" relativeResultsDirectory="777ad582-c50a-44bd-96d8-9d03646e223a">
    </UnitTestResult>
    <UnitTestResult executionId="cedbd674-743f-4a54-b508-470455e243e5" testId="7f84dc69-e051-e299-4937-eec64916109b" testName="All_Prices_Are_Reduced" computerName="SHUTTLE" duration="00:00:00.0389493" startTime="2010-12-19T18:59:26.8756033+00:00" endTime="2010-12-19T18:59:26.9206059+00:00" testType="13cdc9d9-ddb5-4fa4-a97d-d965ccfc6d4b" outcome="Passed" testListId="8c84fa94-04c1-424b-9868-57a2d4851a1d" relativeResultsDirectory="cedbd674-743f-4a54-b508-470455e243e5">
    </UnitTestResult>
  </Results>
</TestRun>