<?xml version="1.0" encoding="UTF-8"?>
<TestRun id="f0d344df-7c99-48d2-88a8-8621cb38546d" name="Adam@SHUTTLE 2010-12-19 19:59:21" runUser="Shuttle\Adam" xmlns="http://microsoft.com/schemas/VisualStudio/TeamTest/2010">
  <TestSettings name="Local" id="187aa8b9-72a2-45f1-8300-4b62a3d082ce">
    <Description>These are default test settings for a local test run.</Description>
    <Deployment enabled="false" runDeploymentRoot="Adam_SHUTTLE 2010-12-19 19_59_21">
      <DeploymentItem filename="C:\Users\Adam\Documents\Books\Pro MVC 3\repository\Source Code\Moq 4.0 Library\Moq.dll" />
      <DeploymentItem filename="C:\Users\Adam\Documents\Books\Pro MVC 3\repository\Source Code\Ninject 2.0 Library\Ninject.dll" />
      <DeploymentItem filename="C:\Users\Adam\Documents\Books\Pro MVC 3\repository\Source Code\06 - Essential Tools\8. Using Moq\ProductApp\bin\Debug\ProductApp.exe" />
    </Deployment>
    <Execution>
      <TestTypeSpecific />
      <AgentRule name="Execution Agents">
      </AgentRule>
    </Execution>
  </TestSettings>
  <Times creation="2010-12-19T19:59:21.4352004+00:00" queuing="2010-12-19T19:59:21.5292057+00:00" start="2010-12-19T19:59:21.5372062+00:00" finish="2010-12-19T19:59:22.1292401+00:00" />
  <ResultSummary outcome="Completed">
    <Counters total="4" executed="4" passed="4" error="0" failed="0" timeout="0" aborted="0" inconclusive="0" passedButRunAborted="0" notRunnable="0" notExecuted="0" disconnected="0" warning="0" completed="0" inProgress="0" pending="0" />
  </ResultSummary>
  <TestDefinitions>
    <UnitTest name="All_Prices_Are_Reduced" storage="c:\users\adam\documents\books\pro mvc 3\repository\source code\06 - essential tools\8. using moq\productapp.tests\bin\debug\productapp.tests.dll" id="7f84dc69-e051-e299-4937-eec64916109b">
      <Execution id="66dc0330-00a6-4b24-b450-6dae3d64e942" />
      <TestMethod codeBase="C:/Users/Adam/Documents/Books/Pro MVC 3/repository/Source Code/06 - Essential Tools/8. Using Moq/ProductApp.Tests/bin/Debug/ProductApp.Tests.DLL" adapterTypeName="Microsoft.VisualStudio.TestTools.TestTypes.Unit.UnitTestAdapter, Microsoft.VisualStudio.QualityTools.Tips.UnitTest.Adapter, Version=10.0.0.0, Culture=neutral, PublicKeyToken=b03f5f7f11d50a3a" className="ProductApp.Tests.MyPriceReducerTest, ProductApp.Tests, Version=1.0.0.0, Culture=neutral, PublicKeyToken=null" name="All_Prices_Are_Reduced" />
    </UnitTest>
    <UnitTest name="Correct_Total_Reduction_Amount" storage="c:\users\adam\documents\books\pro mvc 3\repository\source code\06 - essential tools\8. using moq\productapp.tests\bin\debug\productapp.tests.dll" id="06707c4c-c99e-0695-ce3a-bf0e53efaf2c">
      <Execution id="6b4ddd89-172c-4490-8d80-51234df1d0ba" />
      <TestMethod codeBase="C:/Users/Adam/Documents/Books/Pro MVC 3/repository/Source Code/06 - Essential Tools/8. Using Moq/ProductApp.Tests/bin/Debug/ProductApp.Tests.DLL" adapterTypeName="Microsoft.VisualStudio.TestTools.TestTypes.Unit.UnitTestAdapter, Microsoft.VisualStudio.QualityTools.Tips.UnitTest.Adapter, Version=10.0.0.0, Culture=neutral, PublicKeyToken=b03f5f7f11d50a3a" className="ProductApp.Tests.MyPriceReducerTest, ProductApp.Tests, Version=1.0.0.0, Culture=neutral, PublicKeyToken=null" name="Correct_Total_Reduction_Amount" />
    </UnitTest>
    <UnitTest name="No_Price_Less_Than_One_Dollar" storage="c:\users\adam\documents\books\pro mvc 3\repository\source code\06 - essential tools\8. using moq\productapp.tests\bin\debug\productapp.tests.dll" id="20843828-4c0f-5169-1810-052ee3d85276">
      <Execution id="6589dd7d-abce-44a8-aaec-9b26db11eb26" />
      <TestMethod codeBase="C:/Users/Adam/Documents/Books/Pro MVC 3/repository/Source Code/06 - Essential Tools/8. Using Moq/ProductApp.Tests/bin/Debug/ProductApp.Tests.DLL" adapterTypeName="Microsoft.VisualStudio.TestTools.TestTypes.Unit.UnitTestAdapter, Microsoft.VisualStudio.QualityTools.Tips.UnitTest.Adapter, Version=10.0.0.0, Culture=neutral, PublicKeyToken=b03f5f7f11d50a3a" className="ProductApp.Tests.MyPriceReducerTest, ProductApp.Tests, Version=1.0.0.0, Culture=neutral, PublicKeyToken=null" name="No_Price_Less_Than_One_Dollar" />
    </UnitTest>
    <UnitTest name="Update_Method_Called_For_Each_Product" storage="c:\users\adam\documents\books\pro mvc 3\repository\source code\06 - essential tools\8. using moq\productapp.tests\bin\debug\productapp.tests.dll" id="092a6096-84e7-686c-7825-c8df4f6c7e5b">
      <Execution id="f92cb3b9-699a-4396-913d-d47f4266632e" />
      <TestMethod codeBase="C:/Users/Adam/Documents/Books/Pro MVC 3/repository/Source Code/06 - Essential Tools/8. Using Moq/ProductApp.Tests/bin/Debug/ProductApp.Tests.DLL" adapterTypeName="Microsoft.VisualStudio.TestTools.TestTypes.Unit.UnitTestAdapter, Microsoft.VisualStudio.QualityTools.Tips.UnitTest.Adapter, Version=10.0.0.0, Culture=neutral, PublicKeyToken=b03f5f7f11d50a3a" className="ProductApp.Tests.MyPriceReducerTest, ProductApp.Tests, Version=1.0.0.0, Culture=neutral, PublicKeyToken=null" name="Update_Method_Called_For_Each_Product" />
    </UnitTest>
  </TestDefinitions>
  <TestLists>
    <TestList name="Results Not in a List" id="8c84fa94-04c1-424b-9868-57a2d4851a1d" />
    <TestList name="All Loaded Results" id="19431567-8539-422a-85d7-44ee4e166bda" />
  </TestLists>
  <TestEntries>
    <TestEntry testId="06707c4c-c99e-0695-ce3a-bf0e53efaf2c" executionId="6b4ddd89-172c-4490-8d80-51234df1d0ba" testListId="8c84fa94-04c1-424b-9868-57a2d4851a1d" />
    <TestEntry testId="092a6096-84e7-686c-7825-c8df4f6c7e5b" executionId="f92cb3b9-699a-4396-913d-d47f4266632e" testListId="8c84fa94-04c1-424b-9868-57a2d4851a1d" />
    <TestEntry testId="20843828-4c0f-5169-1810-052ee3d85276" executionId="6589dd7d-abce-44a8-aaec-9b26db11eb26" testListId="8c84fa94-04c1-424b-9868-57a2d4851a1d" />
    <TestEntry testId="7f84dc69-e051-e299-4937-eec64916109b" executionId="66dc0330-00a6-4b24-b450-6dae3d64e942" testListId="8c84fa94-04c1-424b-9868-57a2d4851a1d" />
  </TestEntries>
  <Results>
    <UnitTestResult executionId="6b4ddd89-172c-4490-8d80-51234df1d0ba" testId="06707c4c-c99e-0695-ce3a-bf0e53efaf2c" testName="Correct_Total_Reduction_Amount" computerName="SHUTTLE" duration="00:00:00.2740202" startTime="2010-12-19T19:59:21.5422065+00:00" endTime="2010-12-19T19:59:22.0602361+00:00" testType="13cdc9d9-ddb5-4fa4-a97d-d965ccfc6d4b" outcome="Passed" testListId="8c84fa94-04c1-424b-9868-57a2d4851a1d" relativeResultsDirectory="6b4ddd89-172c-4490-8d80-51234df1d0ba">
    </UnitTestResult>
    <UnitTestResult executionId="f92cb3b9-699a-4396-913d-d47f4266632e" testId="092a6096-84e7-686c-7825-c8df4f6c7e5b" testName="Update_Method_Called_For_Each_Product" computerName="SHUTTLE" duration="00:00:00.0219389" startTime="2010-12-19T19:59:22.0632363+00:00" endTime="2010-12-19T19:59:22.0902378+00:00" testType="13cdc9d9-ddb5-4fa4-a97d-d965ccfc6d4b" outcome="Passed" testListId="8c84fa94-04c1-424b-9868-57a2d4851a1d" relativeResultsDirectory="f92cb3b9-699a-4396-913d-d47f4266632e">
    </UnitTestResult>
    <UnitTestResult executionId="6589dd7d-abce-44a8-aaec-9b26db11eb26" testId="20843828-4c0f-5169-1810-052ee3d85276" testName="No_Price_Less_Than_One_Dollar" computerName="SHUTTLE" duration="00:00:00.0019462" startTime="2010-12-19T19:59:22.0932380+00:00" endTime="2010-12-19T19:59:22.1002384+00:00" testType="13cdc9d9-ddb5-4fa4-a97d-d965ccfc6d4b" outcome="Passed" testListId="8c84fa94-04c1-424b-9868-57a2d4851a1d" relativeResultsDirectory="6589dd7d-abce-44a8-aaec-9b26db11eb26">
    </UnitTestResult>
    <UnitTestResult executionId="66dc0330-00a6-4b24-b450-6dae3d64e942" testId="7f84dc69-e051-e299-4937-eec64916109b" testName="All_Prices_Are_Reduced" computerName="SHUTTLE" duration="00:00:00.0019588" startTime="2010-12-19T19:59:22.1032386+00:00" endTime="2010-12-19T19:59:22.1092389+00:00" testType="13cdc9d9-ddb5-4fa4-a97d-d965ccfc6d4b" outcome="Passed" testListId="8c84fa94-04c1-424b-9868-57a2d4851a1d" relativeResultsDirectory="66dc0330-00a6-4b24-b450-6dae3d64e942">
    </UnitTestResult>
  </Results>
</TestRun>