<?xml version="1.0" encoding="UTF-8"?>
<TestRun id="a060b9e2-f0e5-4af6-9df7-64595fa60fa1" name="Adam@SHUTTLE 2010-12-19 11:20:00" runUser="Shuttle\Adam" xmlns="http://microsoft.com/schemas/VisualStudio/TeamTest/2010">
  <TestSettings name="Local" id="187aa8b9-72a2-45f1-8300-4b62a3d082ce">
    <Description>These are default test settings for a local test run.</Description>
    <Deployment enabled="false" runDeploymentRoot="Adam_SHUTTLE 2010-12-19 11_20_00">
      <DeploymentItem filename="C:\Users\Adam\Documents\Books\Pro MVC 3\repository\Source Code\Moq 4.0 Library\Moq.dll" />
      <DeploymentItem filename="C:\Users\Adam\Documents\Books\Pro MVC 3\repository\Source Code\Ninject 2.0 Library\Ninject.dll" />
      <DeploymentItem filename="C:\Users\Adam\Documents\Books\Pro MVC 3\repository\Source Code\06 - Essential Tools\8. Using Moq\ProductApp\bin\Debug\ProductApp.exe" />
    </Deployment>
    <Execution>
      <TestTypeSpecific />
      <AgentRule name="Execution Agents">
      </AgentRule>
    </Execution>
  </TestSettings>
  <Times creation="2010-12-19T11:20:00.2105148+00:00" queuing="2010-12-19T11:20:03.8945229+00:00" start="2010-12-19T11:20:04.1205359+00:00" finish="2010-12-19T11:20:57.1135082+00:00" />
  <ResultSummary outcome="Error">
    <Counters total="4" executed="1" error="0" failed="0" timeout="0" aborted="1" inconclusive="0" passedButRunAborted="0" notRunnable="0" notExecuted="3" disconnected="0" warning="0" passed="0" completed="0" inProgress="0" pending="0" />
    <RunInfos>
      <RunInfo computerName="SHUTTLE" outcome="Error" timestamp="2010-12-19T11:20:57.1115080+00:00">
        <Text>Test host process exited unexpectedly.</Text>
      </RunInfo>
    </RunInfos>
  </ResultSummary>
  <TestDefinitions>
    <UnitTest name="All_Prices_Are_Reduced" storage="c:\users\adam\documents\books\pro mvc 3\repository\source code\06 - essential tools\8. using moq\productapp.tests\bin\debug\productapp.tests.dll" id="7f84dc69-e051-e299-4937-eec64916109b">
      <Execution id="97cf72a9-de1d-4a1f-99ad-c4573433f830" />
      <TestMethod codeBase="C:/Users/Adam/Documents/Books/Pro MVC 3/repository/Source Code/06 - Essential Tools/8. Using Moq/ProductApp.Tests/bin/Debug/ProductApp.Tests.DLL" adapterTypeName="Microsoft.VisualStudio.TestTools.TestTypes.Unit.UnitTestAdapter, Microsoft.VisualStudio.QualityTools.Tips.UnitTest.Adapter, Version=10.0.0.0, Culture=neutral, PublicKeyToken=b03f5f7f11d50a3a" className="ProductApp.Tests.MyPriceReducerTest, ProductApp.Tests, Version=1.0.0.0, Culture=neutral, PublicKeyToken=null" name="All_Prices_Are_Reduced" />
    </UnitTest>
    <UnitTest name="Correct_Total_Reduction_Amount" storage="c:\users\adam\documents\books\pro mvc 3\repository\source code\06 - essential tools\8. using moq\productapp.tests\bin\debug\productapp.tests.dll" id="06707c4c-c99e-0695-ce3a-bf0e53efaf2c">
      <Execution id="3f1ef783-085d-431a-acad-14a56c809d76" />
      <TestMethod codeBase="C:/Users/Adam/Documents/Books/Pro MVC 3/repository/Source Code/06 - Essential Tools/8. Using Moq/ProductApp.Tests/bin/Debug/ProductApp.Tests.DLL" adapterTypeName="Microsoft.VisualStudio.TestTools.TestTypes.Unit.UnitTestAdapter, Microsoft.VisualStudio.QualityTools.Tips.UnitTest.Adapter, Version=10.0.0.0, Culture=neutral, PublicKeyToken=b03f5f7f11d50a3a" className="ProductApp.Tests.MyPriceReducerTest, ProductApp.Tests, Version=1.0.0.0, Culture=neutral, PublicKeyToken=null" name="Correct_Total_Reduction_Amount" />
    </UnitTest>
    <UnitTest name="No_Price_Less_Than_One_Dollar" storage="c:\users\adam\documents\books\pro mvc 3\repository\source code\06 - essential tools\8. using moq\productapp.tests\bin\debug\productapp.tests.dll" id="20843828-4c0f-5169-1810-052ee3d85276">
      <Execution id="e1ba5a4d-75b5-4411-9136-93e1e97decb2" />
      <TestMethod codeBase="C:/Users/Adam/Documents/Books/Pro MVC 3/repository/Source Code/06 - Essential Tools/8. Using Moq/ProductApp.Tests/bin/Debug/ProductApp.Tests.DLL" adapterTypeName="Microsoft.VisualStudio.TestTools.TestTypes.Unit.UnitTestAdapter, Microsoft.VisualStudio.QualityTools.Tips.UnitTest.Adapter, Version=10.0.0.0, Culture=neutral, PublicKeyToken=b03f5f7f11d50a3a" className="ProductApp.Tests.MyPriceReducerTest, ProductApp.Tests, Version=1.0.0.0, Culture=neutral, PublicKeyToken=null" name="No_Price_Less_Than_One_Dollar" />
    </UnitTest>
    <UnitTest name="Update_Method_Called_For_Each_Product" storage="c:\users\adam\documents\books\pro mvc 3\repository\source code\06 - essential tools\8. using moq\productapp.tests\bin\debug\productapp.tests.dll" id="092a6096-84e7-686c-7825-c8df4f6c7e5b">
      <Execution id="21e9a1bb-fe04-46c0-b8b7-fc5d691f5f0a" />
      <TestMethod codeBase="C:/Users/Adam/Documents/Books/Pro MVC 3/repository/Source Code/06 - Essential Tools/8. Using Moq/ProductApp.Tests/bin/Debug/ProductApp.Tests.DLL" adapterTypeName="Microsoft.VisualStudio.TestTools.TestTypes.Unit.UnitTestAdapter, Microsoft.VisualStudio.QualityTools.Tips.UnitTest.Adapter, Version=10.0.0.0, Culture=neutral, PublicKeyToken=b03f5f7f11d50a3a" className="ProductApp.Tests.MyPriceReducerTest, ProductApp.Tests, Version=1.0.0.0, Culture=neutral, PublicKeyToken=null" name="Update_Method_Called_For_Each_Product" />
    </UnitTest>
  </TestDefinitions>
  <TestLists>
    <TestList name="Results Not in a List" id="8c84fa94-04c1-424b-9868-57a2d4851a1d" />
    <TestList name="All Loaded Results" id="19431567-8539-422a-85d7-44ee4e166bda" />
  </TestLists>
  <TestEntries>
    <TestEntry testId="06707c4c-c99e-0695-ce3a-bf0e53efaf2c" executionId="3f1ef783-085d-431a-acad-14a56c809d76" testListId="8c84fa94-04c1-424b-9868-57a2d4851a1d" />
    <TestEntry testId="092a6096-84e7-686c-7825-c8df4f6c7e5b" executionId="21e9a1bb-fe04-46c0-b8b7-fc5d691f5f0a" testListId="8c84fa94-04c1-424b-9868-57a2d4851a1d" />
    <TestEntry testId="20843828-4c0f-5169-1810-052ee3d85276" executionId="e1ba5a4d-75b5-4411-9136-93e1e97decb2" testListId="8c84fa94-04c1-424b-9868-57a2d4851a1d" />
    <TestEntry testId="7f84dc69-e051-e299-4937-eec64916109b" executionId="97cf72a9-de1d-4a1f-99ad-c4573433f830" testListId="8c84fa94-04c1-424b-9868-57a2d4851a1d" />
  </TestEntries>
  <Results>
    <UnitTestResult executionId="3f1ef783-085d-431a-acad-14a56c809d76" testId="06707c4c-c99e-0695-ce3a-bf0e53efaf2c" testName="Correct_Total_Reduction_Amount" computerName="SHUTTLE" duration="00:00:52.9229683" startTime="2010-12-19T11:20:04.1905399+00:00" endTime="2010-12-19T11:20:57.1135082+00:00" testType="13cdc9d9-ddb5-4fa4-a97d-d965ccfc6d4b" outcome="Aborted" testListId="8c84fa94-04c1-424b-9868-57a2d4851a1d" relativeResultsDirectory="3f1ef783-085d-431a-acad-14a56c809d76">
    </UnitTestResult>
    <UnitTestResult executionId="21e9a1bb-fe04-46c0-b8b7-fc5d691f5f0a" testId="092a6096-84e7-686c-7825-c8df4f6c7e5b" testName="Update_Method_Called_For_Each_Product" computerName="SHUTTLE" testType="13cdc9d9-ddb5-4fa4-a97d-d965ccfc6d4b" outcome="NotExecuted" testListId="8c84fa94-04c1-424b-9868-57a2d4851a1d" relativeResultsDirectory="21e9a1bb-fe04-46c0-b8b7-fc5d691f5f0a">
    </UnitTestResult>
    <UnitTestResult executionId="e1ba5a4d-75b5-4411-9136-93e1e97decb2" testId="20843828-4c0f-5169-1810-052ee3d85276" testName="No_Price_Less_Than_One_Dollar" computerName="SHUTTLE" testType="13cdc9d9-ddb5-4fa4-a97d-d965ccfc6d4b" outcome="NotExecuted" testListId="8c84fa94-04c1-424b-9868-57a2d4851a1d" relativeResultsDirectory="e1ba5a4d-75b5-4411-9136-93e1e97decb2">
    </UnitTestResult>
    <UnitTestResult executionId="97cf72a9-de1d-4a1f-99ad-c4573433f830" testId="7f84dc69-e051-e299-4937-eec64916109b" testName="All_Prices_Are_Reduced" computerName="SHUTTLE" testType="13cdc9d9-ddb5-4fa4-a97d-d965ccfc6d4b" outcome="NotExecuted" testListId="8c84fa94-04c1-424b-9868-57a2d4851a1d" relativeResultsDirectory="97cf72a9-de1d-4a1f-99ad-c4573433f830">
    </UnitTestResult>
  </Results>
</TestRun>