<?xml version="1.0" encoding="UTF-8"?>
<TestRun id="9d5df911-9379-4636-bbef-1f7198ebfa2e" name="Adam@SHUTTLE 2010-12-18 15:09:18" runUser="Shuttle\Adam" xmlns="http://microsoft.com/schemas/VisualStudio/TeamTest/2010">
  <TestSettings name="Local" id="216ed2ee-9da8-4a94-b409-d8be71b00b3e">
    <Description>These are default test settings for a local test run.</Description>
    <Deployment enabled="false" runDeploymentRoot="Adam_SHUTTLE 2010-12-18 15_09_18">
      <DeploymentItem filename="C:\Users\Adam\Documents\Books\Pro MVC 3\repository\Source Code\04 - The MVC Pattern\TheMVCPattern\bin\TheMVCPattern.dll" />
    </Deployment>
    <Execution>
      <TestTypeSpecific />
      <AgentRule name="Execution Agents">
      </AgentRule>
    </Execution>
  </TestSettings>
  <Times creation="2010-12-18T15:09:18.5432624+00:00" queuing="2010-12-18T15:09:18.5822647+00:00" start="2010-12-18T15:09:18.5882650+00:00" finish="2010-12-18T15:09:18.9322847+00:00" />
  <ResultSummary outcome="Failed">
    <Counters total="1" executed="1" error="0" failed="1" timeout="0" aborted="0" inconclusive="0" passedButRunAborted="0" notRunnable="0" notExecuted="0" disconnected="0" warning="0" passed="0" completed="0" inProgress="0" pending="0" />
  </ResultSummary>
  <TestDefinitions>
    <UnitTest name="CannotAddLowerBid" storage="c:\users\adam\documents\books\pro mvc 3\repository\source code\04 - the mvc pattern\themvcpattern.tests\bin\debug\themvcpattern.tests.dll" id="1878683f-86b5-7c14-3699-010ddd575f19">
      <Execution id="637c97eb-b702-40b3-9701-aa3d91d0d497" />
      <TestMethod codeBase="C:/Users/Adam/Documents/Books/Pro MVC 3/repository/Source Code/04 - The MVC Pattern/TheMVCPattern.Tests/bin/Debug/TheMVCPattern.Tests.DLL" adapterTypeName="Microsoft.VisualStudio.TestTools.TestTypes.Unit.UnitTestAdapter, Microsoft.VisualStudio.QualityTools.Tips.UnitTest.Adapter, Version=10.0.0.0, Culture=neutral, PublicKeyToken=b03f5f7f11d50a3a" className="TheMVCPattern.Tests.AdminControllerTest, TheMVCPattern.Tests, Version=1.0.0.0, Culture=neutral, PublicKeyToken=null" name="CannotAddLowerBid" />
    </UnitTest>
  </TestDefinitions>
  <TestLists>
    <TestList name="Results Not in a List" id="8c84fa94-04c1-424b-9868-57a2d4851a1d" />
    <TestList name="All Loaded Results" id="19431567-8539-422a-85d7-44ee4e166bda" />
  </TestLists>
  <TestEntries>
    <TestEntry testId="1878683f-86b5-7c14-3699-010ddd575f19" executionId="637c97eb-b702-40b3-9701-aa3d91d0d497" testListId="8c84fa94-04c1-424b-9868-57a2d4851a1d" />
  </TestEntries>
  <Results>
    <UnitTestResult executionId="637c97eb-b702-40b3-9701-aa3d91d0d497" testId="1878683f-86b5-7c14-3699-010ddd575f19" testName="CannotAddLowerBid" computerName="SHUTTLE" duration="00:00:00.0764710" startTime="2010-12-18T15:09:18.5932653+00:00" endTime="2010-12-18T15:09:18.9142837+00:00" testType="13cdc9d9-ddb5-4fa4-a97d-d965ccfc6d4b" outcome="Failed" testListId="8c84fa94-04c1-424b-9868-57a2d4851a1d" relativeResultsDirectory="637c97eb-b702-40b3-9701-aa3d91d0d497">
      <Output>
        <ErrorInfo>
          <Message>Test method TheMVCPattern.Tests.AdminControllerTest.CannotAddLowerBid threw exception: 
System.InvalidOperationException: Bid amount too low</Message>
          <StackTrace>    at TheMVCPattern.Models.Item.AddBid(Member memberParam, Decimal amountParam) in C:\Users\Adam\Documents\Books\Pro MVC 3\repository\Source Code\04 - The MVC Pattern\TheMVCPattern\Models\Item.cs:line 26
   at TheMVCPattern.Tests.AdminControllerTest.CannotAddLowerBid() in C:\Users\Adam\Documents\Books\Pro MVC 3\repository\Source Code\04 - The MVC Pattern\TheMVCPattern.Tests\AdminControllerTest.cs:line 121
</StackTrace>
        </ErrorInfo>
      </Output>
    </UnitTestResult>
  </Results>
</TestRun>