<?xml version="1.0" encoding="UTF-8"?>
<TestRun id="f2bbec5a-d100-4c56-88d5-a7c8a9ac87c2" name="Adam@SHUTTLE 2011-01-01 18:47:00" runUser="Shuttle\Adam" xmlns="http://microsoft.com/schemas/VisualStudio/TeamTest/2010">
  <TestSettings name="Local" id="594c2e60-2b9f-420b-adb0-a5b3f9448cbf">
    <Description>These are default test settings for a local test run.</Description>
    <Deployment enabled="false" runDeploymentRoot="Adam_SHUTTLE 2011-01-01 18_47_00">
      <DeploymentItem filename="C:\Users\Adam\Documents\Books\Pro MVC 3\repository\Source Code\Moq 4.0 Library\Moq.dll" />
      <DeploymentItem filename="C:\Users\Adam\Documents\Books\Pro MVC 3\repository\Source Code\09 - SportsStore Part III\3. Image Uploads\SportsStore.WebUI\bin\SportsStore.WebUI.dll" />
      <DeploymentItem filename="C:\Users\Adam\Documents\Books\Pro MVC 3\repository\Source Code\Ninject 2.0 Library\Ninject.dll" />
      <DeploymentItem filename="C:\Users\Adam\Documents\Books\Pro MVC 3\repository\Source Code\09 - SportsStore Part III\3. Image Uploads\SportsStore.Domain\bin\Debug\SportsStore.Domain.dll" />
    </Deployment>
    <Execution>
      <TestTypeSpecific />
      <AgentRule name="Execution Agents">
      </AgentRule>
    </Execution>
  </TestSettings>
  <Times creation="2011-01-01T18:47:00.1757650+00:00" queuing="2011-01-01T18:47:00.2167674+00:00" start="2011-01-01T18:47:00.2227677+00:00" finish="2011-01-01T18:47:00.6827940+00:00" />
  <ResultSummary outcome="Completed">
    <Counters total="1" executed="1" passed="1" error="0" failed="0" timeout="0" aborted="0" inconclusive="0" passedButRunAborted="0" notRunnable="0" notExecuted="0" disconnected="0" warning="0" completed="0" inProgress="0" pending="0" />
  </ResultSummary>
  <TestDefinitions>
    <UnitTest name="Cannot_Retrieve_Image_Data_For_Invalid_ID" storage="c:\users\adam\documents\books\pro mvc 3\repository\source code\09 - sportsstore part iii\3. image uploads\sportsstore.unittests\bin\debug\sportsstore.unittests.dll" id="dee79d5a-ea23-d68c-392b-2f58d91fc341">
      <Execution id="8e771fbf-2451-4df0-b3a5-2e3b3c1a3248" />
      <TestMethod codeBase="C:/Users/Adam/Documents/Books/Pro MVC 3/repository/Source Code/09 - SportsStore Part III/3. Image Uploads/SportsStore.UnitTests/bin/Debug/SportsStore.UnitTests.DLL" adapterTypeName="Microsoft.VisualStudio.TestTools.TestTypes.Unit.UnitTestAdapter, Microsoft.VisualStudio.QualityTools.Tips.UnitTest.Adapter, Version=10.0.0.0, Culture=neutral, PublicKeyToken=b03f5f7f11d50a3a" className="SportsStore.UnitTests.ProductControllerTest, SportsStore.UnitTests, Version=1.0.0.0, Culture=neutral, PublicKeyToken=null" name="Cannot_Retrieve_Image_Data_For_Invalid_ID" />
    </UnitTest>
  </TestDefinitions>
  <TestLists>
    <TestList name="Results Not in a List" id="8c84fa94-04c1-424b-9868-57a2d4851a1d" />
    <TestList name="All Loaded Results" id="19431567-8539-422a-85d7-44ee4e166bda" />
  </TestLists>
  <TestEntries>
    <TestEntry testId="dee79d5a-ea23-d68c-392b-2f58d91fc341" executionId="8e771fbf-2451-4df0-b3a5-2e3b3c1a3248" testListId="8c84fa94-04c1-424b-9868-57a2d4851a1d" />
  </TestEntries>
  <Results>
    <UnitTestResult executionId="8e771fbf-2451-4df0-b3a5-2e3b3c1a3248" testId="dee79d5a-ea23-d68c-392b-2f58d91fc341" testName="Cannot_Retrieve_Image_Data_For_Invalid_ID" computerName="SHUTTLE" duration="00:00:00.2051459" startTime="2011-01-01T18:47:00.2317682+00:00" endTime="2011-01-01T18:47:00.6647930+00:00" testType="13cdc9d9-ddb5-4fa4-a97d-d965ccfc6d4b" outcome="Passed" testListId="8c84fa94-04c1-424b-9868-57a2d4851a1d" relativeResultsDirectory="8e771fbf-2451-4df0-b3a5-2e3b3c1a3248">
    </UnitTestResult>
  </Results>
</TestRun>